<?xml version="1.0" encoding="UTF-8"?>
<testsuite name="com.crawler.ThreadedWebCrawlerTest" tests="1" skipped="0" failures="0" errors="0" timestamp="2022-07-22T19:59:58" hostname="Marias-MacBook-Pro.local" time="0.553">
  <properties/>
  <testcase name="testCrawlsAllLinks()" classname="com.crawler.ThreadedWebCrawlerTest" time="0.553"/>
  <system-out><![CDATA[20:59:58.917 [Test worker] INFO com.crawler.ThreadedWebCrawler - [monitor] [0/2] Active: 0, Completed: 0, Task: 0, ToVisit: 20, Visited: 1
20:59:58.921 [pool-1-thread-1] INFO com.crawler.ThreadedWebCrawler - [monitor] [2/2] Active: 2, Completed: 0, Task: 77, ToVisit: 37, Visited: 2
20:59:58.922 [pool-1-thread-1] INFO com.crawler.ThreadedWebCrawler - [monitor] [3/2] Active: 3, Completed: 1, Task: 103, ToVisit: 71, Visited: 4
20:59:58.921 [pool-1-thread-2] INFO com.crawler.ThreadedWebCrawler - [monitor] [3/2] Active: 3, Completed: 0, Task: 103, ToVisit: 55, Visited: 3
20:59:58.923 [pool-1-thread-2] INFO com.crawler.ThreadedWebCrawler - [monitor] [4/2] Active: 4, Completed: 4, Task: 105, ToVisit: 98, Visited: 6
20:59:58.923 [pool-1-thread-2] INFO com.crawler.ThreadedWebCrawler - [monitor] [4/2] Active: 4, Completed: 5, Task: 105, ToVisit: 124, Visited: 8
20:59:58.924 [pool-1-thread-2] INFO com.crawler.ThreadedWebCrawler - [monitor] [4/2] Active: 4, Completed: 6, Task: 105, ToVisit: 135, Visited: 9
20:59:58.923 [pool-1-thread-3] INFO com.crawler.ThreadedWebCrawler - [monitor] [4/2] Active: 4, Completed: 4, Task: 105, ToVisit: 112, Visited: 7
20:59:58.925 [pool-1-thread-1] INFO com.crawler.ThreadedWebCrawler - [monitor] [4/2] Active: 4, Completed: 4, Task: 105, ToVisit: 83, Visited: 5
20:59:58.926 [pool-1-thread-2] INFO com.crawler.ThreadedWebCrawler - [monitor] [4/2] Active: 4, Completed: 7, Task: 105, ToVisit: 145, Visited: 10
20:59:58.926 [pool-1-thread-1] INFO com.crawler.ThreadedWebCrawler - [monitor] [4/2] Active: 4, Completed: 10, Task: 105, ToVisit: 161, Visited: 12
20:59:58.926 [pool-1-thread-1] INFO com.crawler.ThreadedWebCrawler - [monitor] [4/2] Active: 4, Completed: 11, Task: 105, ToVisit: 175, Visited: 14
20:59:58.927 [pool-1-thread-1] INFO com.crawler.ThreadedWebCrawler - [monitor] [4/2] Active: 4, Completed: 12, Task: 105, ToVisit: 180, Visited: 15
20:59:58.927 [pool-1-thread-1] INFO com.crawler.ThreadedWebCrawler - [monitor] [4/2] Active: 4, Completed: 13, Task: 105, ToVisit: 184, Visited: 16
20:59:58.928 [Test worker] DEBUG org.springframework.integration.util.CallerBlocksPolicy - Attempting to queue task execution for 100 milliseconds
20:59:58.928 [Test worker] DEBUG org.springframework.integration.util.CallerBlocksPolicy - Task execution queued
20:59:58.928 [Test worker] DEBUG org.springframework.integration.util.CallerBlocksPolicy - Attempting to queue task execution for 100 milliseconds
20:59:58.928 [pool-1-thread-1] INFO com.crawler.ThreadedWebCrawler - [monitor] [4/2] Active: 4, Completed: 14, Task: 118, ToVisit: 187, Visited: 17
20:59:58.928 [pool-1-thread-1] INFO com.crawler.ThreadedWebCrawler - [monitor] [4/2] Active: 4, Completed: 15, Task: 118, ToVisit: 189, Visited: 18
20:59:58.929 [pool-1-thread-1] INFO com.crawler.ThreadedWebCrawler - [monitor] [4/2] Active: 4, Completed: 16, Task: 118, ToVisit: 190, Visited: 19
20:59:58.929 [pool-1-thread-1] INFO com.crawler.ThreadedWebCrawler - [monitor] [4/2] Active: 4, Completed: 17, Task: 118, ToVisit: 190, Visited: 20
20:59:58.925 [pool-1-thread-3] INFO com.crawler.ThreadedWebCrawler - [monitor] [4/2] Active: 4, Completed: 8, Task: 105, ToVisit: 154, Visited: 11
20:59:58.926 [pool-1-thread-2] INFO com.crawler.ThreadedWebCrawler - [monitor] [4/2] Active: 4, Completed: 10, Task: 105, ToVisit: 169, Visited: 13
20:59:58.930 [Test worker] DEBUG org.springframework.integration.util.CallerBlocksPolicy - Task execution queued
20:59:58.939 [Test worker] DEBUG org.springframework.integration.util.CallerBlocksPolicy - Attempting to queue task execution for 100 milliseconds
20:59:58.941 [Test worker] DEBUG org.springframework.integration.util.CallerBlocksPolicy - Task execution queued
]]></system-out>
  <system-err><![CDATA[]]></system-err>
</testsuite>
